
**** Build of configuration Debug for project chap3 ****

make all 
Building file: ../eight_queen.cpp
Invoking: GCC C++ Compiler
g++ -O0 -g3 -Wall -c -fmessage-length=0 -MMD -MP -MF"eight_queen.d" -MT"eight_queen.d" -o "eight_queen.o" "../eight_queen.cpp"
../eight_queen.cpp: 在函数‘void show()’中:
../eight_queen.cpp:96:6: 警告： 未使用的变量‘mq’ [-Wunused-variable]
Finished building: ../eight_queen.cpp
 
Building file: ../main.cpp
Invoking: GCC C++ Compiler
g++ -O0 -g3 -Wall -c -fmessage-length=0 -MMD -MP -MF"main.d" -MT"main.d" -o "main.o" "../main.cpp"
../main.cpp: 在函数‘int find_replace_str(char*, const char*, const char*)’中:
../main.cpp:202:32: 警告： 在有符号和无符号整数表达式间比较 [-Wsign-compare]
../main.cpp: 在函数‘void test_strlen()’中:
../main.cpp:241:12: 警告： 不建议使用从字符串常量到‘char*’的转换 [-Wwrite-strings]
Finished building: ../main.cpp
 
Building target: chap3
Invoking: GCC C++ Linker
g++  -o "chap3"  ./eight_queen.o ./main.o   
Finished building target: chap3
 

**** Build Finished ****
